0 info it worked if it ends with ok
1 verbose cli [ 'C:\\Program Files\\nodejs\\node.exe',
1 verbose cli   'C:\\Program Files\\nodejs\\node_modules\\npm\\bin\\npm-cli.js',
1 verbose cli   'run',
1 verbose cli   'lite' ]
2 info using npm@4.1.2
3 info using node@v7.7.2
4 verbose run-script [ 'prelite', 'lite', 'postlite' ]
5 info lifecycle angular-2@1.0.0~prelite: angular-2@1.0.0
6 silly lifecycle angular-2@1.0.0~prelite: no script for prelite, continuing
7 info lifecycle angular-2@1.0.0~lite: angular-2@1.0.0
8 verbose lifecycle angular-2@1.0.0~lite: unsafe-perm in lifecycle true
9 verbose lifecycle angular-2@1.0.0~lite: PATH: C:\Program Files\nodejs\node_modules\npm\bin\node-gyp-bin;F:\current-practice\angular\angular-bucky\node_modules\.bin;C:\Program Files\nodejs\node_modules\npm\bin\node-gyp-bin;F:\current-practice\angular\angular-bucky\node_modules\.bin;C:\Program Files\Docker\Docker\Resources\bin;C:\Program Files\Java\jdk1.8.0_65\bin;C:\WINDOWS\system32;C:\WINDOWS;C:\WINDOWS\System32\Wbem;C:\WINDOWS\System32\WindowsPowerShell\v1.0\;C:\Users\sabuz\.dnx\bin;C:\Program Files\Microsoft DNX\Dnvm\;C:\Program Files\Microsoft SQL Server\120\Tools\Binn\;C:\ProgramData\ComposerSetup\bin;C:\Program Files (x86)\nodejs;C:\Program Files (x86)\Skype\Phone\;C:\Program Files (x86)\Bitvise SSH Client;C:\Program Files (x86)\GitExtensions\;C:\xampp\php;C:\xampp\mysql\bin\;C:\Windows\sqllite;c:\Program Files (x86)\QuickTime\QTSystem\;C:\Program Files\Git\cmd;C:\Program Files\nodejs\;C:\Program Files (x86)\NVIDIA Corporation\PhysX\Common;C:\Users\sabuz\.dnx\bin;C:\Ruby22-x64\bin;C:\Users\sabuz\AppData\Local\atom\bin;C:\Users\sabuz\AppData\Local\Microsoft\WindowsApps;C:\Users\sabuz\AppData\Roaming\npm
10 verbose lifecycle angular-2@1.0.0~lite: CWD: F:\current-practice\angular\angular-bucky
11 silly lifecycle angular-2@1.0.0~lite: Args: [ '/d /s /c', 'lite-server' ]
12 silly lifecycle angular-2@1.0.0~lite: Returned: code: 1  signal: null
13 info lifecycle angular-2@1.0.0~lite: Failed to exec lite script
14 verbose stack Error: angular-2@1.0.0 lite: `lite-server`
14 verbose stack Exit status 1
14 verbose stack     at EventEmitter.<anonymous> (C:\Program Files\nodejs\node_modules\npm\lib\utils\lifecycle.js:279:16)
14 verbose stack     at emitTwo (events.js:106:13)
14 verbose stack     at EventEmitter.emit (events.js:194:7)
14 verbose stack     at ChildProcess.<anonymous> (C:\Program Files\nodejs\node_modules\npm\lib\utils\spawn.js:40:14)
14 verbose stack     at emitTwo (events.js:106:13)
14 verbose stack     at ChildProcess.emit (events.js:194:7)
14 verbose stack     at maybeClose (internal/child_process.js:899:16)
14 verbose stack     at Process.ChildProcess._handle.onexit (internal/child_process.js:226:5)
15 verbose pkgid angular-2@1.0.0
16 verbose cwd F:\current-practice\angular\angular-bucky
17 error Windows_NT 10.0.14393
18 error argv "C:\\Program Files\\nodejs\\node.exe" "C:\\Program Files\\nodejs\\node_modules\\npm\\bin\\npm-cli.js" "run" "lite"
19 error node v7.7.2
20 error npm  v4.1.2
21 error code ELIFECYCLE
22 error angular-2@1.0.0 lite: `lite-server`
22 error Exit status 1
23 error Failed at the angular-2@1.0.0 lite script 'lite-server'.
23 error Make sure you have the latest version of node.js and npm installed.
23 error If you do, this is most likely a problem with the angular-2 package,
23 error not with npm itself.
23 error Tell the author that this fails on your system:
23 error     lite-server
23 error You can get information on how to open an issue for this project with:
23 error     npm bugs angular-2
23 error Or if that isn't available, you can get their info via:
23 error     npm owner ls angular-2
23 error There is likely additional logging output above.
24 verbose exit [ 1, true ]
